2025-10-08 11:53:56,590 [INFO] Initializing Face Recognition Pipeline...
2025-10-08 11:53:58,809 [INFO] InsightFace initialized on GPU
2025-10-08 11:53:58,914 [INFO] Loaded 0 embeddings from database
2025-10-08 11:53:58,914 [INFO] Pipeline initialization complete
2025-10-08 11:53:58,921 [INFO] Starting video processing from source: video_1.mp4
2025-10-08 11:54:01,379 [INFO] Registered new face b50c793a
2025-10-08 11:54:01,426 [INFO] Entry event: b50c793a saved at logs\entries\2025-10-08\115401_0001ca4e.jpg
2025-10-08 11:54:01,704 [INFO] Registered new face d7829324
2025-10-08 11:54:01,741 [INFO] Entry event: d7829324 saved at logs\entries\2025-10-08\115401_87f65c89.jpg
2025-10-08 11:54:02,424 [INFO] Recognized face b50c793a (sim=0.843)
2025-10-08 11:54:02,760 [INFO] Recognized face d7829324 (sim=0.660)
2025-10-08 11:54:03,614 [INFO] Recognized face b50c793a (sim=0.824)
2025-10-08 11:54:03,951 [INFO] Recognized face d7829324 (sim=0.697)
2025-10-08 11:54:04,658 [INFO] Recognized face d7829324 (sim=0.737)
2025-10-08 11:54:04,911 [INFO] Recognized face b50c793a (sim=0.874)
2025-10-08 11:54:05,754 [INFO] Recognized face d7829324 (sim=0.695)
2025-10-08 11:54:06,082 [INFO] Recognized face b50c793a (sim=0.890)
2025-10-08 11:54:06,918 [INFO] Recognized face d7829324 (sim=0.772)
2025-10-08 11:54:07,257 [INFO] Recognized face b50c793a (sim=0.915)
2025-10-08 11:54:08,172 [INFO] Recognized face b50c793a (sim=0.864)
2025-10-08 11:54:08,557 [INFO] Recognized face d7829324 (sim=0.798)
2025-10-08 11:54:09,364 [INFO] Recognized face b50c793a (sim=0.770)
2025-10-08 11:54:09,861 [INFO] Recognized face d7829324 (sim=0.807)
2025-10-08 11:54:10,717 [INFO] Recognized face d7829324 (sim=0.835)
2025-10-08 11:54:11,051 [INFO] Recognized face b50c793a (sim=0.816)
2025-10-08 11:54:11,782 [INFO] Recognized face b50c793a (sim=0.833)
2025-10-08 11:54:12,101 [INFO] Recognized face d7829324 (sim=0.728)
2025-10-08 11:54:12,966 [INFO] Recognized face b50c793a (sim=0.885)
2025-10-08 11:54:13,723 [INFO] Recognized face b50c793a (sim=0.890)
2025-10-08 11:54:14,647 [INFO] Recognized face b50c793a (sim=0.892)
2025-10-08 11:54:15,281 [INFO] Exit event: d7829324 (img: logs\exits\2025-10-08\115415_63f95d79.jpg)
2025-10-08 11:54:15,814 [INFO] Recognized face b50c793a (sim=0.897)
2025-10-08 11:54:16,677 [INFO] Recognized face b50c793a (sim=0.862)
2025-10-08 11:54:17,431 [INFO] Recognized face b50c793a (sim=0.868)
2025-10-08 11:54:18,241 [INFO] Recognized face b50c793a (sim=0.745)
2025-10-08 11:54:19,058 [INFO] Recognized face b50c793a (sim=0.684)
2025-10-08 11:54:19,852 [INFO] Recognized face b50c793a (sim=0.722)
2025-10-08 11:54:20,562 [INFO] Recognized face b50c793a (sim=0.791)
2025-10-08 11:54:22,509 [INFO] Exit event: b50c793a (img: logs\exits\2025-10-08\115422_5d47048b.jpg)
2025-10-08 11:54:32,239 [INFO] Registered new face 6a7ab4b8
2025-10-08 11:54:32,394 [INFO] Entry event: 6a7ab4b8 saved at logs\entries\2025-10-08\115432_379a02d1.jpg
2025-10-08 11:54:32,964 [INFO] Recognized face 6a7ab4b8 (sim=0.500)
2025-10-08 11:54:33,828 [INFO] Recognized face 6a7ab4b8 (sim=0.866)
2025-10-08 11:54:34,513 [INFO] Recognized face 6a7ab4b8 (sim=0.635)
2025-10-08 11:54:35,255 [INFO] Recognized face 6a7ab4b8 (sim=0.664)
2025-10-08 11:54:35,978 [INFO] Recognized face 6a7ab4b8 (sim=0.679)
2025-10-08 11:54:36,643 [INFO] Registered new face 6f09867a
2025-10-08 11:54:36,692 [INFO] Entry event: 6f09867a saved at logs\entries\2025-10-08\115436_9b4ac523.jpg
2025-10-08 11:54:36,871 [INFO] Recognized face 6a7ab4b8 (sim=0.558)
2025-10-08 11:54:37,468 [INFO] Recognized face 6f09867a (sim=0.551)
2025-10-08 11:54:37,842 [INFO] Recognized face 6a7ab4b8 (sim=0.769)
2025-10-08 11:54:38,569 [INFO] Recognized face 6f09867a (sim=0.774)
2025-10-08 11:54:38,985 [INFO] Recognized face 6a7ab4b8 (sim=0.657)
2025-10-08 11:54:39,757 [INFO] Recognized face 6f09867a (sim=0.581)
2025-10-08 11:54:40,086 [INFO] Recognized face 6a7ab4b8 (sim=0.645)
2025-10-08 11:54:40,871 [INFO] Recognized face 6f09867a (sim=0.446)
2025-10-08 11:54:41,195 [INFO] Recognized face 6a7ab4b8 (sim=0.462)
2025-10-08 11:54:41,997 [INFO] Recognized face 6f09867a (sim=0.500)
2025-10-08 11:54:42,314 [INFO] Recognized face 6a7ab4b8 (sim=0.621)
2025-10-08 11:54:43,010 [INFO] Recognized face 6f09867a (sim=0.839)
2025-10-08 11:54:43,331 [INFO] Recognized face 6a7ab4b8 (sim=0.815)
2025-10-08 11:54:44,230 [INFO] Recognized face 6f09867a (sim=0.764)
2025-10-08 11:54:44,552 [INFO] Recognized face 6a7ab4b8 (sim=0.759)
2025-10-08 11:54:45,512 [INFO] Recognized face 6f09867a (sim=0.743)
2025-10-08 11:54:45,849 [INFO] Recognized face 6a7ab4b8 (sim=0.525)
2025-10-08 11:54:46,728 [INFO] Recognized face 6a7ab4b8 (sim=0.771)
2025-10-08 11:54:47,066 [INFO] Recognized face 6f09867a (sim=0.743)
2025-10-08 11:54:47,951 [INFO] Recognized face 6f09867a (sim=0.825)
2025-10-08 11:54:48,288 [INFO] Recognized face 6a7ab4b8 (sim=0.725)
2025-10-08 11:54:49,125 [INFO] Recognized face 6f09867a (sim=0.872)
2025-10-08 11:54:49,435 [INFO] Recognized face 6a7ab4b8 (sim=0.644)
2025-10-08 11:54:50,320 [INFO] Recognized face 6f09867a (sim=0.859)
2025-10-08 11:54:50,647 [INFO] Recognized face 6a7ab4b8 (sim=0.616)
2025-10-08 11:54:51,576 [INFO] Recognized face 6f09867a (sim=0.803)
2025-10-08 11:54:51,933 [INFO] Recognized face 6a7ab4b8 (sim=0.680)
2025-10-08 11:54:52,841 [INFO] Recognized face 6f09867a (sim=0.804)
2025-10-08 11:54:53,184 [INFO] Recognized face 6a7ab4b8 (sim=0.604)
2025-10-08 11:54:53,974 [INFO] Recognized face 6a7ab4b8 (sim=0.739)
2025-10-08 11:54:54,316 [INFO] Recognized face 6f09867a (sim=0.775)
2025-10-08 11:54:55,153 [INFO] Recognized face 6f09867a (sim=0.854)
2025-10-08 11:54:55,493 [INFO] Recognized face 6a7ab4b8 (sim=0.752)
2025-10-08 11:54:56,377 [INFO] Recognized face 6f09867a (sim=0.868)
2025-10-08 11:54:56,732 [INFO] Recognized face 6a7ab4b8 (sim=0.858)
2025-10-08 11:54:57,726 [INFO] Recognized face 6f09867a (sim=0.868)
2025-10-08 11:54:58,054 [INFO] Recognized face 6a7ab4b8 (sim=0.666)
2025-10-08 11:54:58,857 [INFO] Recognized face 6a7ab4b8 (sim=0.827)
2025-10-08 11:54:59,191 [INFO] Recognized face 6f09867a (sim=0.826)
2025-10-08 11:55:00,048 [INFO] Recognized face 6a7ab4b8 (sim=0.782)
2025-10-08 11:55:00,396 [INFO] Recognized face 6f09867a (sim=0.859)
2025-10-08 11:55:01,121 [INFO] Recognized face 6a7ab4b8 (sim=0.665)
2025-10-08 11:55:01,402 [INFO] Recognized face 6f09867a (sim=0.759)
2025-10-08 11:55:02,039 [INFO] Recognized face 6a7ab4b8 (sim=0.591)
2025-10-08 11:55:02,325 [INFO] Recognized face 6f09867a (sim=0.871)
2025-10-08 11:55:03,066 [INFO] Recognized face 6f09867a (sim=0.866)
2025-10-08 11:55:03,350 [INFO] Recognized face 6a7ab4b8 (sim=0.693)
2025-10-08 11:55:04,031 [INFO] Recognized face 6f09867a (sim=0.857)
2025-10-08 11:55:04,304 [INFO] Recognized face 6a7ab4b8 (sim=0.857)
2025-10-08 11:55:05,032 [INFO] Recognized face 6f09867a (sim=0.839)
2025-10-08 11:55:05,310 [INFO] Recognized face 6a7ab4b8 (sim=0.815)
2025-10-08 11:55:05,957 [INFO] Recognized face 6f09867a (sim=0.866)
2025-10-08 11:55:06,254 [INFO] Recognized face 6a7ab4b8 (sim=0.800)
2025-10-08 11:55:06,970 [INFO] Recognized face 6f09867a (sim=0.837)
2025-10-08 11:55:07,363 [INFO] Recognized face 6a7ab4b8 (sim=0.728)
2025-10-08 11:55:08,207 [INFO] Recognized face 6f09867a (sim=0.837)
2025-10-08 11:55:08,609 [INFO] Recognized face 6a7ab4b8 (sim=0.672)
2025-10-08 11:55:09,347 [INFO] Recognized face 6f09867a (sim=0.790)
2025-10-08 11:55:09,768 [INFO] Recognized face 6a7ab4b8 (sim=0.583)
2025-10-08 11:55:10,504 [INFO] Recognized face 6f09867a (sim=0.849)
2025-10-08 11:55:10,877 [INFO] Recognized face 6a7ab4b8 (sim=0.716)
2025-10-08 11:55:11,546 [INFO] Recognized face 6f09867a (sim=0.803)
2025-10-08 11:55:11,915 [INFO] Recognized face 6a7ab4b8 (sim=0.862)
2025-10-08 11:55:12,675 [INFO] Recognized face 6f09867a (sim=0.777)
2025-10-08 11:55:13,078 [INFO] Recognized face 6a7ab4b8 (sim=0.789)
2025-10-08 11:55:13,871 [INFO] Recognized face 6f09867a (sim=0.625)
2025-10-08 11:55:14,233 [INFO] Recognized face 6a7ab4b8 (sim=0.731)
2025-10-08 11:55:14,927 [INFO] Recognized face 6f09867a (sim=0.610)
2025-10-08 11:55:15,207 [INFO] Recognized face 6a7ab4b8 (sim=0.707)
2025-10-08 11:55:16,105 [INFO] Recognized face 6f09867a (sim=0.877)
2025-10-08 11:55:16,433 [INFO] Recognized face 6a7ab4b8 (sim=0.734)
2025-10-08 11:55:17,231 [INFO] Recognized face 6f09867a (sim=0.835)
2025-10-08 11:55:17,573 [INFO] Recognized face 6a7ab4b8 (sim=0.676)
2025-10-08 11:55:18,335 [INFO] Recognized face 6f09867a (sim=0.743)
2025-10-08 11:55:18,647 [INFO] Recognized face 6a7ab4b8 (sim=0.686)
2025-10-08 11:55:19,505 [INFO] Recognized face 6a7ab4b8 (sim=0.789)
2025-10-08 11:55:19,881 [INFO] Recognized face 6f09867a (sim=0.777)
2025-10-08 11:55:20,775 [INFO] Recognized face 6a7ab4b8 (sim=0.830)
2025-10-08 11:55:21,106 [INFO] Recognized face 6f09867a (sim=0.706)
2025-10-08 11:55:21,818 [INFO] Recognized face 6a7ab4b8 (sim=0.857)
2025-10-08 11:55:22,092 [INFO] Recognized face 6f09867a (sim=0.868)
2025-10-08 11:55:22,906 [INFO] Recognized face 6f09867a (sim=0.858)
2025-10-08 11:55:23,426 [INFO] Recognized face 6a7ab4b8 (sim=0.721)
2025-10-08 11:55:24,271 [INFO] Recognized face 6f09867a (sim=0.867)
2025-10-08 11:55:24,780 [INFO] Recognized face 6a7ab4b8 (sim=0.864)
2025-10-08 11:55:25,758 [INFO] Recognized face 6f09867a (sim=0.874)
2025-10-08 11:55:26,078 [INFO] Recognized face 6a7ab4b8 (sim=0.868)
2025-10-08 11:55:27,062 [INFO] Recognized face 6f09867a (sim=0.850)
2025-10-08 11:55:27,428 [INFO] Recognized face 6a7ab4b8 (sim=0.873)
2025-10-08 11:55:28,389 [INFO] Recognized face 6f09867a (sim=0.853)
2025-10-08 11:55:28,719 [INFO] Recognized face 6a7ab4b8 (sim=0.822)
2025-10-08 11:55:29,553 [INFO] Recognized face 6f09867a (sim=0.869)
2025-10-08 11:55:29,937 [INFO] Recognized face 6a7ab4b8 (sim=0.880)
2025-10-08 11:55:30,837 [INFO] Recognized face 6f09867a (sim=0.868)
2025-10-08 11:55:31,195 [INFO] Recognized face 6a7ab4b8 (sim=0.838)
2025-10-08 11:55:32,044 [INFO] Recognized face 6f09867a (sim=0.878)
2025-10-08 11:55:32,785 [INFO] Recognized face 6a7ab4b8 (sim=0.820)
2025-10-08 11:55:33,657 [INFO] Recognized face 6f09867a (sim=0.885)
2025-10-08 11:55:34,072 [INFO] Recognized face 6a7ab4b8 (sim=0.843)
2025-10-08 11:55:34,873 [INFO] Recognized face 6f09867a (sim=0.895)
2025-10-08 11:55:35,255 [INFO] Recognized face 6a7ab4b8 (sim=0.863)
2025-10-08 11:55:35,990 [INFO] Recognized face 6f09867a (sim=0.886)
2025-10-08 11:55:36,350 [INFO] Recognized face 6a7ab4b8 (sim=0.819)
2025-10-08 11:55:37,315 [INFO] Recognized face 6f09867a (sim=0.859)
2025-10-08 11:55:37,684 [INFO] Recognized face 6a7ab4b8 (sim=0.876)
2025-10-08 11:55:38,620 [INFO] Recognized face 6f09867a (sim=0.899)
2025-10-08 11:55:38,980 [INFO] Recognized face 6a7ab4b8 (sim=0.890)
2025-10-08 11:55:39,841 [INFO] Recognized face 6f09867a (sim=0.802)
2025-10-08 11:55:40,181 [INFO] Recognized face 6a7ab4b8 (sim=0.801)
2025-10-08 11:55:41,095 [INFO] Recognized face 6f09867a (sim=0.900)
2025-10-08 11:55:41,446 [INFO] Recognized face 6a7ab4b8 (sim=0.765)
2025-10-08 11:55:42,255 [INFO] Recognized face 6f09867a (sim=0.911)
2025-10-08 11:55:42,592 [INFO] Recognized face 6a7ab4b8 (sim=0.551)
2025-10-08 11:55:43,534 [INFO] Recognized face 6f09867a (sim=0.878)
2025-10-08 11:55:44,625 [INFO] Recognized face 6f09867a (sim=0.868)
2025-10-08 11:55:45,551 [INFO] Recognized face 6f09867a (sim=0.903)
2025-10-08 11:55:46,083 [INFO] Exit event: 6a7ab4b8 (img: logs\exits\2025-10-08\115546_ccf09458.jpg)
2025-10-08 11:55:46,540 [INFO] Recognized face 6f09867a (sim=0.890)
2025-10-08 11:55:47,366 [INFO] Recognized face 6f09867a (sim=0.807)
2025-10-08 11:55:48,964 [INFO] Exit event: 6f09867a (img: logs\exits\2025-10-08\115548_69c566ad.jpg)
2025-10-08 11:56:21,149 [INFO] Registered new face 4da2c8ce
2025-10-08 11:56:21,196 [INFO] Entry event: 4da2c8ce saved at logs\entries\2025-10-08\115621_43f77ec8.jpg
2025-10-08 11:56:21,995 [INFO] Recognized face 4da2c8ce (sim=0.405)
2025-10-08 11:56:23,035 [INFO] Recognized face 4da2c8ce (sim=0.677)
2025-10-08 11:56:23,962 [INFO] Recognized face 4da2c8ce (sim=0.751)
2025-10-08 11:56:24,803 [INFO] Recognized face 4da2c8ce (sim=0.746)
2025-10-08 11:56:25,718 [INFO] Recognized face 4da2c8ce (sim=0.703)
2025-10-08 11:56:26,595 [INFO] Recognized face 4da2c8ce (sim=0.751)
2025-10-08 11:56:27,530 [INFO] Recognized face 4da2c8ce (sim=0.796)
2025-10-08 11:56:28,506 [INFO] Recognized face 4da2c8ce (sim=0.603)
2025-10-08 11:56:29,444 [INFO] Recognized face 4da2c8ce (sim=0.432)
2025-10-08 11:56:31,851 [INFO] Exit event: 4da2c8ce (img: logs\exits\2025-10-08\115631_38ed77fa.jpg)
2025-10-08 11:56:32,877 [INFO] Recognized face 4da2c8ce (sim=0.450)
2025-10-08 11:56:32,978 [INFO] Entry event: 4da2c8ce saved at logs\entries\2025-10-08\115632_3f0c5b5c.jpg
2025-10-08 11:56:33,909 [INFO] Recognized face 4da2c8ce (sim=0.658)
2025-10-08 11:56:35,449 [INFO] Recognized face 4da2c8ce (sim=0.640)
2025-10-08 11:56:36,345 [INFO] Recognized face 4da2c8ce (sim=0.697)
2025-10-08 11:56:38,391 [INFO] Registered new face 216e536f
2025-10-08 11:56:38,427 [INFO] Entry event: 216e536f saved at logs\entries\2025-10-08\115638_030d7aa6.jpg
2025-10-08 11:56:38,726 [INFO] Exit event: 4da2c8ce (img: logs\exits\2025-10-08\115638_d3c051e3.jpg)
2025-10-08 11:56:39,741 [INFO] Registered new face 1f91b37c
2025-10-08 11:56:39,782 [INFO] Entry event: 1f91b37c saved at logs\entries\2025-10-08\115639_9e4f9f03.jpg
2025-10-08 11:56:40,793 [INFO] Registered new face 37d82102
2025-10-08 11:56:40,844 [INFO] Entry event: 37d82102 saved at logs\entries\2025-10-08\115640_2e9d4f8e.jpg
2025-10-08 11:56:41,256 [INFO] Exit event: 216e536f (img: logs\exits\2025-10-08\115641_bf5ec636.jpg)
2025-10-08 11:56:41,858 [INFO] Registered new face d7b00866
2025-10-08 11:56:41,898 [INFO] Entry event: d7b00866 saved at logs\entries\2025-10-08\115641_b6d992cf.jpg
2025-10-08 11:56:42,952 [INFO] Exit event: 1f91b37c (img: logs\exits\2025-10-08\115642_4f5d3f5f.jpg)
2025-10-08 11:56:43,542 [INFO] Registered new face b1b764e3
2025-10-08 11:56:43,575 [INFO] Entry event: b1b764e3 saved at logs\entries\2025-10-08\115643_56b1c0a0.jpg
2025-10-08 11:56:44,080 [INFO] Exit event: 37d82102 (img: logs\exits\2025-10-08\115644_e5eca561.jpg)
2025-10-08 11:56:44,959 [INFO] Exit event: d7b00866 (img: logs\exits\2025-10-08\115644_ff1b4e58.jpg)
2025-10-08 11:56:45,502 [INFO] Registered new face cc897724
2025-10-08 11:56:45,531 [INFO] Entry event: cc897724 saved at logs\entries\2025-10-08\115645_7cc992a2.jpg
2025-10-08 11:56:46,659 [INFO] Exit event: b1b764e3 (img: logs\exits\2025-10-08\115646_8af90665.jpg)
2025-10-08 11:56:47,687 [INFO] Recognized face 4da2c8ce (sim=0.475)
2025-10-08 11:56:47,787 [INFO] Entry event: 4da2c8ce saved at logs\entries\2025-10-08\115647_1ff655ab.jpg
2025-10-08 11:56:48,118 [INFO] Exit event: cc897724 (img: logs\exits\2025-10-08\115648_2c909eff.jpg)
2025-10-08 11:56:49,907 [INFO] Exit event: 4da2c8ce (img: logs\exits\2025-10-08\115649_328bf7e9.jpg)
2025-10-08 11:56:52,872 [INFO] Recognized face 4da2c8ce (sim=0.491)
2025-10-08 11:56:52,974 [INFO] Entry event: 4da2c8ce saved at logs\entries\2025-10-08\115652_88543686.jpg
2025-10-08 11:56:54,213 [INFO] Recognized face 4da2c8ce (sim=0.419)
2025-10-08 11:56:55,657 [INFO] Exit event: 4da2c8ce (img: logs\exits\2025-10-08\115655_82df1feb.jpg)
2025-10-08 11:56:56,110 [INFO] Recognized face 4da2c8ce (sim=0.451)
2025-10-08 11:56:56,198 [INFO] Entry event: 4da2c8ce saved at logs\entries\2025-10-08\115656_70f24620.jpg
2025-10-08 11:56:56,911 [INFO] Recognized face 4da2c8ce (sim=0.536)
2025-10-08 11:56:57,640 [INFO] Registered new face 75598339
2025-10-08 11:56:57,679 [INFO] Entry event: 75598339 saved at logs\entries\2025-10-08\115657_8519a076.jpg
2025-10-08 11:56:58,532 [INFO] Registered new face 0580a2f8
2025-10-08 11:56:58,562 [INFO] Entry event: 0580a2f8 saved at logs\entries\2025-10-08\115658_3c69671b.jpg
2025-10-08 11:56:59,295 [INFO] Recognized face 0580a2f8 (sim=0.625)
2025-10-08 11:56:59,797 [INFO] Exit event: 4da2c8ce (img: logs\exits\2025-10-08\115659_97b6fcbb.jpg)
2025-10-08 11:57:00,240 [INFO] Recognized face 0580a2f8 (sim=0.710)
2025-10-08 11:57:00,650 [INFO] Exit event: 75598339 (img: logs\exits\2025-10-08\115700_2fc1282b.jpg)
2025-10-08 11:57:01,137 [INFO] Recognized face 0580a2f8 (sim=0.785)
2025-10-08 11:57:01,989 [INFO] Recognized face 0580a2f8 (sim=0.749)
2025-10-08 11:57:02,794 [INFO] Recognized face 0580a2f8 (sim=0.752)
2025-10-08 11:57:03,563 [INFO] Recognized face 0580a2f8 (sim=0.775)
2025-10-08 11:57:04,203 [INFO] Recognized face 0580a2f8 (sim=0.760)
2025-10-08 11:57:04,910 [INFO] Recognized face 0580a2f8 (sim=0.591)
2025-10-08 11:57:05,654 [INFO] Recognized face 0580a2f8 (sim=0.753)
2025-10-08 11:57:06,344 [INFO] Recognized face 0580a2f8 (sim=0.755)
2025-10-08 11:57:07,208 [INFO] Recognized face 0580a2f8 (sim=0.753)
2025-10-08 11:57:07,757 [INFO] Recognized face 0580a2f8 (sim=0.789)
2025-10-08 11:57:08,532 [INFO] Recognized face 0580a2f8 (sim=0.710)
2025-10-08 11:57:09,448 [INFO] Recognized face 0580a2f8 (sim=0.718)
2025-10-08 11:57:10,217 [INFO] Recognized face 0580a2f8 (sim=0.701)
2025-10-08 11:57:10,988 [INFO] Recognized face 0580a2f8 (sim=0.766)
2025-10-08 11:57:11,804 [INFO] Recognized face 0580a2f8 (sim=0.835)
2025-10-08 11:57:12,580 [INFO] Recognized face 0580a2f8 (sim=0.945)
2025-10-08 11:57:13,366 [INFO] Recognized face 0580a2f8 (sim=0.727)
2025-10-08 11:57:14,065 [INFO] Recognized face 0580a2f8 (sim=0.781)
2025-10-08 11:57:14,764 [INFO] Recognized face 0580a2f8 (sim=0.797)
2025-10-08 11:57:15,438 [INFO] Recognized face 0580a2f8 (sim=0.862)
2025-10-08 11:57:16,262 [INFO] Recognized face 0580a2f8 (sim=0.865)
2025-10-08 11:57:17,175 [INFO] Recognized face 0580a2f8 (sim=0.852)
2025-10-08 11:57:17,921 [INFO] Recognized face 0580a2f8 (sim=0.814)
2025-10-08 11:57:18,780 [INFO] Recognized face 0580a2f8 (sim=0.854)
2025-10-08 11:57:19,628 [INFO] Recognized face 0580a2f8 (sim=0.844)
2025-10-08 11:57:20,373 [INFO] Recognized face 0580a2f8 (sim=0.832)
2025-10-08 11:57:21,158 [INFO] Recognized face 0580a2f8 (sim=0.723)
2025-10-08 11:57:21,940 [INFO] Recognized face 0580a2f8 (sim=0.769)
2025-10-08 11:57:22,645 [INFO] Recognized face 0580a2f8 (sim=0.885)
2025-10-08 11:57:23,477 [INFO] Recognized face 0580a2f8 (sim=0.863)
2025-10-08 11:57:24,398 [INFO] Recognized face 0580a2f8 (sim=0.878)
2025-10-08 11:57:25,205 [INFO] Recognized face 0580a2f8 (sim=0.880)
2025-10-08 11:57:25,986 [INFO] Recognized face 0580a2f8 (sim=0.895)
2025-10-08 11:57:26,779 [INFO] Recognized face 0580a2f8 (sim=0.878)
2025-10-08 11:57:27,548 [INFO] Recognized face 0580a2f8 (sim=0.871)
2025-10-08 11:57:28,253 [INFO] Recognized face 0580a2f8 (sim=0.803)
2025-10-08 11:57:28,933 [INFO] Recognized face 0580a2f8 (sim=0.781)
2025-10-08 11:57:29,659 [INFO] Recognized face 0580a2f8 (sim=0.728)
2025-10-08 11:57:30,523 [INFO] Recognized face 0580a2f8 (sim=0.790)
2025-10-08 11:57:31,270 [INFO] Recognized face 0580a2f8 (sim=0.747)
2025-10-08 11:57:32,231 [INFO] Recognized face 0580a2f8 (sim=0.899)
2025-10-08 11:57:33,017 [INFO] Recognized face 0580a2f8 (sim=0.902)
2025-10-08 11:57:33,788 [INFO] Recognized face 0580a2f8 (sim=0.865)
2025-10-08 11:57:34,532 [INFO] Recognized face 0580a2f8 (sim=0.882)
2025-10-08 11:57:35,317 [INFO] Recognized face 0580a2f8 (sim=0.846)
2025-10-08 11:57:36,150 [INFO] Recognized face 0580a2f8 (sim=0.832)
2025-10-08 11:57:36,885 [INFO] Recognized face 0580a2f8 (sim=0.830)
2025-10-08 11:57:37,743 [INFO] Recognized face 0580a2f8 (sim=0.905)
2025-10-08 11:57:38,486 [INFO] Recognized face 0580a2f8 (sim=0.809)
2025-10-08 11:57:39,280 [INFO] Recognized face 0580a2f8 (sim=0.800)
2025-10-08 11:57:40,138 [INFO] Recognized face 0580a2f8 (sim=0.787)
2025-10-08 11:57:40,805 [INFO] Recognized face 0580a2f8 (sim=0.776)
2025-10-08 11:57:41,494 [INFO] Recognized face 0580a2f8 (sim=0.733)
2025-10-08 11:57:42,201 [INFO] Recognized face 0580a2f8 (sim=0.771)
2025-10-08 11:57:42,846 [INFO] Recognized face 0580a2f8 (sim=0.675)
2025-10-08 11:57:43,615 [INFO] Recognized face 0580a2f8 (sim=0.703)
2025-10-08 11:57:44,401 [INFO] Recognized face 0580a2f8 (sim=0.674)
2025-10-08 11:57:45,204 [INFO] Recognized face 0580a2f8 (sim=0.696)
2025-10-08 11:57:46,035 [INFO] Recognized face 0580a2f8 (sim=0.733)
2025-10-08 11:57:46,776 [INFO] Recognized face 0580a2f8 (sim=0.773)
2025-10-08 11:57:47,716 [INFO] Recognized face 0580a2f8 (sim=0.853)
2025-10-08 11:57:48,423 [INFO] Recognized face 0580a2f8 (sim=0.884)
2025-10-08 11:57:49,188 [INFO] Recognized face 0580a2f8 (sim=0.938)
2025-10-08 11:57:49,911 [INFO] Recognized face 0580a2f8 (sim=0.917)
2025-10-08 11:57:50,635 [INFO] Recognized face 0580a2f8 (sim=0.938)
2025-10-08 11:57:51,402 [INFO] Recognized face 0580a2f8 (sim=0.894)
2025-10-08 11:57:52,054 [INFO] Recognized face 0580a2f8 (sim=0.579)
2025-10-08 11:57:54,079 [INFO] Exit event: 0580a2f8 (img: logs\exits\2025-10-08\115754_1f351252.jpg)
2025-10-08 11:58:13,674 [INFO] Registered new face ee7508b1
2025-10-08 11:58:13,714 [INFO] Entry event: ee7508b1 saved at logs\entries\2025-10-08\115813_10f3b467.jpg
2025-10-08 11:58:14,413 [INFO] Recognized face ee7508b1 (sim=0.632)
2025-10-08 11:58:15,129 [INFO] Recognized face ee7508b1 (sim=0.804)
2025-10-08 11:58:15,609 [INFO] End of stream or cannot fetch frame
2025-10-08 11:58:15,659 [INFO] Exit event: ee7508b1 (img: logs\exits\2025-10-08\115815_89e45a75.jpg)
2025-10-08 11:58:15,789 [INFO] Processing finished
